build/outputs/logs/manifest-merger-conversations-free-compat-release-report.txt
-- Merging decision tree log ---
provider#android.support.v4.content.FileProvider
INJECTED from src\main\AndroidManifest.xml:266:9-274:20
	android:authorities
		INJECTED from src\main\AndroidManifest.xml
provider#com.ru.astron.services.BarcodeProvider
INJECTED from src\main\AndroidManifest.xml:275:9-279:50
	android:authorities
		INJECTED from src\main\AndroidManifest.xml
manifest
ADDED from src\main\AndroidManifest.xml:2:1-293:12
INJECTED from src\main\AndroidManifest.xml:2:1-293:12
INJECTED from src\main\AndroidManifest.xml:2:1-293:12
INJECTED from src\main\AndroidManifest.xml:2:1-293:12
MERGED from src\main\AndroidManifest.xml:2:1-293:12
MERGED from [com.android.databinding:adapters:3.4.0] AndroidManifest.xml:17:1-24:12
MERGED from [com.android.databinding:library:3.4.0] AndroidManifest.xml:17:1-24:12
MERGED from [com.android.support:support-emoji-appcompat:28.0.0] AndroidManifest.xml:17:1-22:12
MERGED from [com.android.support:support-emoji-bundled:28.0.0] AndroidManifest.xml:17:1-22:12
MERGED from [org.sufficientlysecure:openpgp-api:10.0] AndroidManifest.xml:2:1-13:12
MERGED from [com.theartofdev.edmodo:android-image-cropper:2.7.0] AndroidManifest.xml:2:1-11:12
MERGED from [com.android.support:support-v13:28.0.0] AndroidManifest.xml:17:1-22:12
MERGED from [com.leinardi.android:speed-dial:2.0.1] AndroidManifest.xml:17:1-26:12
MERGED from [com.android.support:design:28.0.0] AndroidManifest.xml:17:1-24:12
MERGED from [com.android.support:appcompat-v7:28.0.0] AndroidManifest.xml:17:1-22:12
MERGED from [com.android.support:exifinterface:28.0.0] AndroidManifest.xml:17:1-22:12
MERGED from [com.android.support:cardview-v7:28.0.0] AndroidManifest.xml:17:1-22:12
MERGED from [com.android.support:support-emoji:28.0.0] AndroidManifest.xml:17:1-22:12
MERGED from [me.leolin:ShortcutBadger:1.1.22] AndroidManifest.xml:2:1-52:12
MERGED from [com.makeramen:roundedimageview:2.3.0] AndroidManifest.xml:2:1-9:12
MERGED from [com.wefika:flowlayout:0.4.1] AndroidManifest.xml:2:1-13:12
MERGED from [net.ypresto.androidtranscoder:android-transcoder:0.3.0] AndroidManifest.xml:2:1-11:12
MERGED from [org.osmdroid:osmdroid-android:6.0.3] AndroidManifest.xml:2:1-29:12
MERGED from [org.conscrypt:conscrypt-android:1.3.0] AndroidManifest.xml:2:1-13:12
MERGED from [me.drakeet.support:toastcompat:1.1.0] AndroidManifest.xml:2:1-11:12
MERGED from [com.android.support:support-v4:28.0.0] AndroidManifest.xml:17:1-22:12
MERGED from [com.android.support:support-fragment:28.0.0] AndroidManifest.xml:17:1-22:12
MERGED from [com.android.support:animated-vector-drawable:28.0.0] AndroidManifest.xml:17:1-22:12
MERGED from [com.android.support:recyclerview-v7:28.0.0] AndroidManifest.xml:17:1-22:12
MERGED from [com.android.support:support-core-ui:28.0.0] AndroidManifest.xml:17:1-22:12
MERGED from [com.android.support:support-core-utils:28.0.0] AndroidManifest.xml:17:1-22:12
MERGED from [com.android.support:support-vector-drawable:28.0.0] AndroidManifest.xml:17:1-22:12
MERGED from [com.android.support:transition:28.0.0] AndroidManifest.xml:17:1-22:12
MERGED from [com.android.support:support-media-compat:28.0.0] AndroidManifest.xml:17:1-22:12
MERGED from [com.android.support:loader:28.0.0] AndroidManifest.xml:17:1-22:12
MERGED from [com.android.support:viewpager:28.0.0] AndroidManifest.xml:17:1-22:12
MERGED from [com.android.support:coordinatorlayout:28.0.0] AndroidManifest.xml:17:1-22:12
MERGED from [com.android.support:drawerlayout:28.0.0] AndroidManifest.xml:17:1-22:12
MERGED from [com.android.support:slidingpanelayout:28.0.0] AndroidManifest.xml:17:1-22:12
MERGED from [com.android.support:customview:28.0.0] AndroidManifest.xml:17:1-22:12
MERGED from [com.android.support:swiperefreshlayout:28.0.0] AndroidManifest.xml:17:1-22:12
MERGED from [com.android.support:asynclayoutinflater:28.0.0] AndroidManifest.xml:17:1-22:12
MERGED from [com.android.support:support-compat:28.0.0] AndroidManifest.xml:17:1-24:12
MERGED from [android.arch.lifecycle:runtime:1.1.1] AndroidManifest.xml:17:1-22:12
MERGED from [com.android.support:versionedparcelable:28.0.0] AndroidManifest.xml:17:1-25:12
MERGED from [com.android.support:cursoradapter:28.0.0] AndroidManifest.xml:17:1-22:12
MERGED from [com.android.support:documentfile:28.0.0] AndroidManifest.xml:17:1-22:12
MERGED from [com.android.support:localbroadcastmanager:28.0.0] AndroidManifest.xml:17:1-22:12
MERGED from [com.android.support:print:28.0.0] AndroidManifest.xml:17:1-22:12
MERGED from [android.arch.lifecycle:viewmodel:1.1.1] AndroidManifest.xml:17:1-22:12
MERGED from [com.android.support:interpolator:28.0.0] AndroidManifest.xml:17:1-22:12
MERGED from [android.arch.lifecycle:livedata:1.1.1] AndroidManifest.xml:17:1-22:12
MERGED from [android.arch.lifecycle:livedata-core:1.1.1] AndroidManifest.xml:17:1-22:12
MERGED from [android.arch.core:runtime:1.1.1] AndroidManifest.xml:17:1-22:12
INJECTED from src\conversations\AndroidManifest.xml:2:1-25:12
INJECTED from src\conversations\AndroidManifest.xml:2:1-25:12
INJECTED from src\conversations\AndroidManifest.xml:2:1-25:12
	package
		ADDED from src\main\AndroidManifest.xml:4:5-28
		INJECTED from src\main\AndroidManifest.xml
		INJECTED from src\conversations\AndroidManifest.xml
	android:versionName
		INJECTED from src\main\AndroidManifest.xml
		ADDED from src\main\AndroidManifest.xml:2:1-293:12
		INJECTED from src\conversations\AndroidManifest.xml
	xmlns:tools
		ADDED from src\main\AndroidManifest.xml:3:5-51
	android:versionCode
		INJECTED from src\main\AndroidManifest.xml
		ADDED from src\main\AndroidManifest.xml:2:1-293:12
		INJECTED from src\conversations\AndroidManifest.xml
	xmlns:android
		ADDED from src\main\AndroidManifest.xml:2:11-69
uses-sdk
ADDED from src\main\AndroidManifest.xml:6:5-71
INJECTED from src\main\AndroidManifest.xml:6:5-71
INJECTED from src\main\AndroidManifest.xml:6:5-71
MERGED from [com.android.databinding:adapters:3.4.0] AndroidManifest.xml:22:5-44
MERGED from [com.android.databinding:adapters:3.4.0] AndroidManifest.xml:22:5-44
MERGED from [com.android.databinding:library:3.4.0] AndroidManifest.xml:22:5-44
MERGED from [com.android.databinding:library:3.4.0] AndroidManifest.xml:22:5-44
MERGED from [com.android.support:support-emoji-appcompat:28.0.0] AndroidManifest.xml:20:5-44
MERGED from [com.android.support:support-emoji-appcompat:28.0.0] AndroidManifest.xml:20:5-44
MERGED from [com.android.support:support-emoji-bundled:28.0.0] AndroidManifest.xml:20:5-44
MERGED from [com.android.support:support-emoji-bundled:28.0.0] AndroidManifest.xml:20:5-44
MERGED from [org.sufficientlysecure:openpgp-api:10.0] AndroidManifest.xml:7:5-9:41
MERGED from [org.sufficientlysecure:openpgp-api:10.0] AndroidManifest.xml:7:5-9:41
MERGED from [com.theartofdev.edmodo:android-image-cropper:2.7.0] AndroidManifest.xml:7:5-9:41
MERGED from [com.theartofdev.edmodo:android-image-cropper:2.7.0] AndroidManifest.xml:7:5-9:41
MERGED from [com.android.support:support-v13:28.0.0] AndroidManifest.xml:20:5-44
MERGED from [com.android.support:support-v13:28.0.0] AndroidManifest.xml:20:5-44
MERGED from [com.leinardi.android:speed-dial:2.0.1] AndroidManifest.xml:22:5-24:41
MERGED from [com.leinardi.android:speed-dial:2.0.1] AndroidManifest.xml:22:5-24:41
MERGED from [com.android.support:design:28.0.0] AndroidManifest.xml:20:5-44
MERGED from [com.android.support:design:28.0.0] AndroidManifest.xml:20:5-44
MERGED from [com.android.support:appcompat-v7:28.0.0] AndroidManifest.xml:20:5-44
MERGED from [com.android.support:appcompat-v7:28.0.0] AndroidManifest.xml:20:5-44
MERGED from [com.android.support:exifinterface:28.0.0] AndroidManifest.xml:20:5-44
MERGED from [com.android.support:exifinterface:28.0.0] AndroidManifest.xml:20:5-44
MERGED from [com.android.support:cardview-v7:28.0.0] AndroidManifest.xml:20:5-44
MERGED from [com.android.support:cardview-v7:28.0.0] AndroidManifest.xml:20:5-44
MERGED from [com.android.support:support-emoji:28.0.0] AndroidManifest.xml:20:5-44
MERGED from [com.android.support:support-emoji:28.0.0] AndroidManifest.xml:20:5-44
MERGED from [me.leolin:ShortcutBadger:1.1.22] AndroidManifest.xml:7:5-9:41
MERGED from [me.leolin:ShortcutBadger:1.1.22] AndroidManifest.xml:7:5-9:41
MERGED from [com.makeramen:roundedimageview:2.3.0] AndroidManifest.xml:7:5-43
MERGED from [com.makeramen:roundedimageview:2.3.0] AndroidManifest.xml:7:5-43
MERGED from [com.wefika:flowlayout:0.4.1] AndroidManifest.xml:7:5-9:41
MERGED from [com.wefika:flowlayout:0.4.1] AndroidManifest.xml:7:5-9:41
MERGED from [net.ypresto.androidtranscoder:android-transcoder:0.3.0] AndroidManifest.xml:5:5-7:41
MERGED from [net.ypresto.androidtranscoder:android-transcoder:0.3.0] AndroidManifest.xml:5:5-7:41
MERGED from [org.osmdroid:osmdroid-android:6.0.3] AndroidManifest.xml:7:5-9:41
MERGED from [org.osmdroid:osmdroid-android:6.0.3] AndroidManifest.xml:7:5-9:41
MERGED from [org.conscrypt:conscrypt-android:1.3.0] AndroidManifest.xml:7:5-9:41
MERGED from [org.conscrypt:conscrypt-android:1.3.0] AndroidManifest.xml:7:5-9:41
MERGED from [me.drakeet.support:toastcompat:1.1.0] AndroidManifest.xml:7:5-9:41
MERGED from [me.drakeet.support:toastcompat:1.1.0] AndroidManifest.xml:7:5-9:41
MERGED from [com.android.support:support-v4:28.0.0] AndroidManifest.xml:20:5-44
MERGED from [com.android.support:support-v4:28.0.0] AndroidManifest.xml:20:5-44
MERGED from [com.android.support:support-fragment:28.0.0] AndroidManifest.xml:20:5-44
MERGED from [com.android.support:support-fragment:28.0.0] AndroidManifest.xml:20:5-44
MERGED from [com.android.support:animated-vector-drawable:28.0.0] AndroidManifest.xml:20:5-44
MERGED from [com.android.support:animated-vector-drawable:28.0.0] AndroidManifest.xml:20:5-44
MERGED from [com.android.support:recyclerview-v7:28.0.0] AndroidManifest.xml:20:5-44
MERGED from [com.android.support:recyclerview-v7:28.0.0] AndroidManifest.xml:20:5-44
MERGED from [com.android.support:support-core-ui:28.0.0] AndroidManifest.xml:20:5-44
MERGED from [com.android.support:support-core-ui:28.0.0] AndroidManifest.xml:20:5-44
MERGED from [com.android.support:support-core-utils:28.0.0] AndroidManifest.xml:20:5-44
MERGED from [com.android.support:support-core-utils:28.0.0] AndroidManifest.xml:20:5-44
MERGED from [com.android.support:support-vector-drawable:28.0.0] AndroidManifest.xml:20:5-44
MERGED from [com.android.support:support-vector-drawable:28.0.0] AndroidManifest.xml:20:5-44
MERGED from [com.android.support:transition:28.0.0] AndroidManifest.xml:20:5-44
MERGED from [com.android.support:transition:28.0.0] AndroidManifest.xml:20:5-44
MERGED from [com.android.support:support-media-compat:28.0.0] AndroidManifest.xml:20:5-44
MERGED from [com.android.support:support-media-compat:28.0.0] AndroidManifest.xml:20:5-44
MERGED from [com.android.support:loader:28.0.0] AndroidManifest.xml:20:5-44
MERGED from [com.android.support:loader:28.0.0] AndroidManifest.xml:20:5-44
MERGED from [com.android.support:viewpager:28.0.0] AndroidManifest.xml:20:5-44
MERGED from [com.android.support:viewpager:28.0.0] AndroidManifest.xml:20:5-44
MERGED from [com.android.support:coordinatorlayout:28.0.0] AndroidManifest.xml:20:5-44
MERGED from [com.android.support:coordinatorlayout:28.0.0] AndroidManifest.xml:20:5-44
MERGED from [com.android.support:drawerlayout:28.0.0] AndroidManifest.xml:20:5-44
MERGED from [com.android.support:drawerlayout:28.0.0] AndroidManifest.xml:20:5-44
MERGED from [com.android.support:slidingpanelayout:28.0.0] AndroidManifest.xml:20:5-44
MERGED from [com.android.support:slidingpanelayout:28.0.0] AndroidManifest.xml:20:5-44
MERGED from [com.android.support:customview:28.0.0] AndroidManifest.xml:20:5-44
MERGED from [com.android.support:customview:28.0.0] AndroidManifest.xml:20:5-44
MERGED from [com.android.support:swiperefreshlayout:28.0.0] AndroidManifest.xml:20:5-44
MERGED from [com.android.support:swiperefreshlayout:28.0.0] AndroidManifest.xml:20:5-44
MERGED from [com.android.support:asynclayoutinflater:28.0.0] AndroidManifest.xml:20:5-44
MERGED from [com.android.support:asynclayoutinflater:28.0.0] AndroidManifest.xml:20:5-44
MERGED from [com.android.support:support-compat:28.0.0] AndroidManifest.xml:20:5-44
MERGED from [com.android.support:support-compat:28.0.0] AndroidManifest.xml:20:5-44
MERGED from [android.arch.lifecycle:runtime:1.1.1] AndroidManifest.xml:20:5-44
MERGED from [android.arch.lifecycle:runtime:1.1.1] AndroidManifest.xml:20:5-44
MERGED from [com.android.support:versionedparcelable:28.0.0] AndroidManifest.xml:20:5-44
MERGED from [com.android.support:versionedparcelable:28.0.0] AndroidManifest.xml:20:5-44
MERGED from [com.android.support:cursoradapter:28.0.0] AndroidManifest.xml:20:5-44
MERGED from [com.android.support:cursoradapter:28.0.0] AndroidManifest.xml:20:5-44
MERGED from [com.android.support:documentfile:28.0.0] AndroidManifest.xml:20:5-44
MERGED from [com.android.support:documentfile:28.0.0] AndroidManifest.xml:20:5-44
MERGED from [com.android.support:localbroadcastmanager:28.0.0] AndroidManifest.xml:20:5-44
MERGED from [com.android.support:localbroadcastmanager:28.0.0] AndroidManifest.xml:20:5-44
MERGED from [com.android.support:print:28.0.0] AndroidManifest.xml:20:5-44
MERGED from [com.android.support:print:28.0.0] AndroidManifest.xml:20:5-44
MERGED from [android.arch.lifecycle:viewmodel:1.1.1] AndroidManifest.xml:20:5-44
MERGED from [android.arch.lifecycle:viewmodel:1.1.1] AndroidManifest.xml:20:5-44
MERGED from [com.android.support:interpolator:28.0.0] AndroidManifest.xml:20:5-44
MERGED from [com.android.support:interpolator:28.0.0] AndroidManifest.xml:20:5-44
MERGED from [android.arch.lifecycle:livedata:1.1.1] AndroidManifest.xml:20:5-44
MERGED from [android.arch.lifecycle:livedata:1.1.1] AndroidManifest.xml:20:5-44
MERGED from [android.arch.lifecycle:livedata-core:1.1.1] AndroidManifest.xml:20:5-44
MERGED from [android.arch.lifecycle:livedata-core:1.1.1] AndroidManifest.xml:20:5-44
MERGED from [android.arch.core:runtime:1.1.1] AndroidManifest.xml:20:5-44
MERGED from [android.arch.core:runtime:1.1.1] AndroidManifest.xml:20:5-44
INJECTED from src\conversations\AndroidManifest.xml:6:5-71
INJECTED from src\conversations\AndroidManifest.xml:6:5-71
	tools:overrideLibrary
		ADDED from src\main\AndroidManifest.xml:6:15-68
	android:targetSdkVersion
		INJECTED from src\main\AndroidManifest.xml
		INJECTED from src\conversations\AndroidManifest.xml
	android:minSdkVersion
		INJECTED from src\main\AndroidManifest.xml
		INJECTED from src\conversations\AndroidManifest.xml
uses-permission#android.permission.WRITE_EXTERNAL_STORAGE
ADDED from src\main\AndroidManifest.xml:8:5-81
	android:name
		ADDED from src\main\AndroidManifest.xml:8:22-78
uses-permission#android.permission.READ_EXTERNAL_STORAGE
ADDED from src\main\AndroidManifest.xml:9:5-80
	android:name
		ADDED from src\main\AndroidManifest.xml:9:22-77
uses-permission#android.permission.READ_CONTACTS
ADDED from src\main\AndroidManifest.xml:10:5-72
	android:name
		ADDED from src\main\AndroidManifest.xml:10:22-69
uses-permission#android.permission.READ_PROFILE
ADDED from src\main\AndroidManifest.xml:11:5-71
	android:name
		ADDED from src\main\AndroidManifest.xml:11:22-68
uses-permission#android.permission.INTERNET
ADDED from src\main\AndroidManifest.xml:12:5-67
	android:name
		ADDED from src\main\AndroidManifest.xml:12:22-64
uses-permission#android.permission.ACCESS_NETWORK_STATE
ADDED from src\main\AndroidManifest.xml:13:5-79
	android:name
		ADDED from src\main\AndroidManifest.xml:13:22-76
uses-permission#android.permission.WAKE_LOCK
ADDED from src\main\AndroidManifest.xml:14:5-68
	android:name
		ADDED from src\main\AndroidManifest.xml:14:22-65
uses-permission#android.permission.RECEIVE_BOOT_COMPLETED
ADDED from src\main\AndroidManifest.xml:15:5-81
	android:name
		ADDED from src\main\AndroidManifest.xml:15:22-78
uses-permission#android.permission.VIBRATE
ADDED from src\main\AndroidManifest.xml:16:5-66
	android:name
		ADDED from src\main\AndroidManifest.xml:16:22-63
uses-permission#android.permission.REQUEST_IGNORE_BATTERY_OPTIMIZATIONS
ADDED from src\main\AndroidManifest.xml:17:5-95
	android:name
		ADDED from src\main\AndroidManifest.xml:17:22-92
uses-permission#android.permission.ACCESS_COARSE_LOCATION
ADDED from src\main\AndroidManifest.xml:18:5-81
	android:name
		ADDED from src\main\AndroidManifest.xml:18:22-78
uses-permission#android.permission.ACCESS_FINE_LOCATION
ADDED from src\main\AndroidManifest.xml:19:5-79
	android:name
		ADDED from src\main\AndroidManifest.xml:19:22-76
uses-permission#android.permission.ACCESS_WIFI_STATE
ADDED from src\main\AndroidManifest.xml:20:5-76
	android:name
		ADDED from src\main\AndroidManifest.xml:20:22-73
uses-permission#android.permission.FOREGROUND_SERVICE
ADDED from src\main\AndroidManifest.xml:21:5-77
	android:name
		ADDED from src\main\AndroidManifest.xml:21:22-74
uses-feature#android.hardware.location
ADDED from src\main\AndroidManifest.xml:23:5-25:36
	android:required
		ADDED from src\main\AndroidManifest.xml:25:9-33
	android:name
		ADDED from src\main\AndroidManifest.xml:24:9-49
uses-feature#android.hardware.location.gps
ADDED from src\main\AndroidManifest.xml:26:5-28:36
MERGED from [org.osmdroid:osmdroid-android:6.0.3] AndroidManifest.xml:19:5-21:36
MERGED from [org.osmdroid:osmdroid-android:6.0.3] AndroidManifest.xml:19:5-21:36
	android:required
		ADDED from src\main\AndroidManifest.xml:28:9-33
	android:name
		ADDED from src\main\AndroidManifest.xml:27:9-53
uses-feature#android.hardware.location.network
ADDED from src\main\AndroidManifest.xml:29:5-31:36
MERGED from [org.osmdroid:osmdroid-android:6.0.3] AndroidManifest.xml:16:5-18:36
MERGED from [org.osmdroid:osmdroid-android:6.0.3] AndroidManifest.xml:16:5-18:36
	android:required
		ADDED from src\main\AndroidManifest.xml:31:9-33
	android:name
		ADDED from src\main\AndroidManifest.xml:30:9-57
uses-permission#android.permission.CAMERA
ADDED from src\main\AndroidManifest.xml:33:5-65
	android:name
		ADDED from src\main\AndroidManifest.xml:33:22-62
uses-permission#android.permission.RECORD_AUDIO
ADDED from src\main\AndroidManifest.xml:34:5-71
	android:name
		ADDED from src\main\AndroidManifest.xml:34:22-68
uses-permission#android.permission.READ_PHONE_STATE
ADDED from src\main\AndroidManifest.xml:35:5-37:31
	tools:node
		ADDED from src\main\AndroidManifest.xml:37:9-28
	android:name
		ADDED from src\main\AndroidManifest.xml:36:9-59
uses-feature#android.hardware.camera
ADDED from src\main\AndroidManifest.xml:39:5-41:36
	android:required
		ADDED from src\main\AndroidManifest.xml:41:9-33
	android:name
		ADDED from src\main\AndroidManifest.xml:40:9-47
uses-feature#android.hardware.camera.autofocus
ADDED from src\main\AndroidManifest.xml:42:5-44:36
	android:required
		ADDED from src\main\AndroidManifest.xml:44:9-33
	android:name
		ADDED from src\main\AndroidManifest.xml:43:9-57
uses-feature#android.hardware.microphone
ADDED from src\main\AndroidManifest.xml:45:5-47:36
	android:required
		ADDED from src\main\AndroidManifest.xml:47:9-33
	android:name
		ADDED from src\main\AndroidManifest.xml:46:9-51
application
ADDED from src\main\AndroidManifest.xml:49:5-291:19
MERGED from src\main\AndroidManifest.xml:49:5-291:19
MERGED from src\main\AndroidManifest.xml:49:5-291:19
MERGED from [org.sufficientlysecure:openpgp-api:10.0] AndroidManifest.xml:11:5-20
MERGED from [org.sufficientlysecure:openpgp-api:10.0] AndroidManifest.xml:11:5-20
MERGED from [com.android.support:design:28.0.0] AndroidManifest.xml:22:5-20
MERGED from [com.android.support:design:28.0.0] AndroidManifest.xml:22:5-20
MERGED from [com.wefika:flowlayout:0.4.1] AndroidManifest.xml:11:5-20
MERGED from [com.wefika:flowlayout:0.4.1] AndroidManifest.xml:11:5-20
MERGED from [net.ypresto.androidtranscoder:android-transcoder:0.3.0] AndroidManifest.xml:9:5-20
MERGED from [net.ypresto.androidtranscoder:android-transcoder:0.3.0] AndroidManifest.xml:9:5-20
MERGED from [org.conscrypt:conscrypt-android:1.3.0] AndroidManifest.xml:11:5-20
MERGED from [org.conscrypt:conscrypt-android:1.3.0] AndroidManifest.xml:11:5-20
MERGED from [com.android.support:support-compat:28.0.0] AndroidManifest.xml:22:5-94
MERGED from [com.android.support:support-compat:28.0.0] AndroidManifest.xml:22:5-94
MERGED from [com.android.support:versionedparcelable:28.0.0] AndroidManifest.xml:22:5-23:19
MERGED from [com.android.support:versionedparcelable:28.0.0] AndroidManifest.xml:22:5-23:19
	android:appComponentFactory
		ADDED from [com.android.support:support-compat:28.0.0] AndroidManifest.xml:22:18-91
	android:label
		ADDED from src\main\AndroidManifest.xml:53:9-41
		ADDED from src\main\AndroidManifest.xml:53:9-41
	android:appCategory
		ADDED from src\main\AndroidManifest.xml:51:9-37
		ADDED from src\main\AndroidManifest.xml:51:9-37
	tools:ignore
		ADDED from src\main\AndroidManifest.xml:56:9-35
	tools:targetApi
		ADDED from src\main\AndroidManifest.xml:58:9-28
		ADDED from src\main\AndroidManifest.xml:58:9-28
	android:icon
		ADDED from src\main\AndroidManifest.xml:52:9-54
		ADDED from src\main\AndroidManifest.xml:52:9-54
	android:allowBackup
		ADDED from src\main\AndroidManifest.xml:50:9-35
		ADDED from src\main\AndroidManifest.xml:50:9-35
	android:theme
		ADDED from src\main\AndroidManifest.xml:55:9-50
		ADDED from src\main\AndroidManifest.xml:55:9-50
	android:networkSecurityConfig
		ADDED from src\main\AndroidManifest.xml:54:9-76
		ADDED from src\main\AndroidManifest.xml:54:9-76
	tools:replace
		ADDED from src\main\AndroidManifest.xml:57:9-38
		ADDED from src\main\AndroidManifest.xml:57:9-38
activity#com.ru.astron.ui.EditAccountActivity2
ADDED from src\main\AndroidManifest.xml:59:9-62:70
	android:launchMode
		ADDED from src\main\AndroidManifest.xml:61:13-43
	android:windowSoftInputMode
		ADDED from src\main\AndroidManifest.xml:62:13-67
	android:name
		ADDED from src\main\AndroidManifest.xml:60:13-65
meta-data#com.google.android.gms.car.application
ADDED from src\main\AndroidManifest.xml:64:9-66:59
	android:resource
		ADDED from src\main\AndroidManifest.xml:66:13-56
	android:name
		ADDED from src\main\AndroidManifest.xml:65:13-66
service#com.ru.astron.services.XmppConnectionService
ADDED from src\main\AndroidManifest.xml:68:9-80
	android:name
		ADDED from src\main\AndroidManifest.xml:68:18-77
receiver#com.ru.astron.services.EventReceiver
ADDED from src\main\AndroidManifest.xml:70:9-79:20
	android:name
		ADDED from src\main\AndroidManifest.xml:70:19-70
intent-filter#action:name:android.intent.action.ACTION_SHUTDOWN+action:name:android.intent.action.BOOT_COMPLETED+action:name:android.media.RINGER_MODE_CHANGED+action:name:android.net.conn.CONNECTIVITY_CHANGE
ADDED from src\main\AndroidManifest.xml:71:13-78:29
action#android.intent.action.BOOT_COMPLETED
ADDED from src\main\AndroidManifest.xml:72:17-79
	android:name
		ADDED from src\main\AndroidManifest.xml:72:25-76
action#android.net.conn.CONNECTIVITY_CHANGE
ADDED from src\main\AndroidManifest.xml:73:17-75:50
	tools:ignore
		ADDED from src\main\AndroidManifest.xml:75:21-47
	android:name
		ADDED from src\main\AndroidManifest.xml:74:21-72
action#android.intent.action.ACTION_SHUTDOWN
ADDED from src\main\AndroidManifest.xml:76:17-80
	android:name
		ADDED from src\main\AndroidManifest.xml:76:25-77
action#android.media.RINGER_MODE_CHANGED
ADDED from src\main\AndroidManifest.xml:77:17-76
	android:name
		ADDED from src\main\AndroidManifest.xml:77:25-73
activity#com.ru.astron.ui.ShareLocationActivity
ADDED from src\main\AndroidManifest.xml:81:9-83:69
	android:label
		ADDED from src\main\AndroidManifest.xml:83:13-66
	android:name
		ADDED from src\main\AndroidManifest.xml:82:13-66
activity#com.ru.astron.ui.SearchActivity
ADDED from src\main\AndroidManifest.xml:84:9-86:55
	android:label
		ADDED from src\main\AndroidManifest.xml:86:13-52
	android:name
		ADDED from src\main\AndroidManifest.xml:85:13-59
activity#com.ru.astron.ui.RecordingActivity
ADDED from src\main\AndroidManifest.xml:87:9-90:64
	android:configChanges
		ADDED from src\main\AndroidManifest.xml:89:13-59
	android:theme
		ADDED from src\main\AndroidManifest.xml:90:13-61
	android:name
		ADDED from src\main\AndroidManifest.xml:88:13-62
activity#com.ru.astron.ui.ShowLocationActivity
ADDED from src\main\AndroidManifest.xml:91:9-93:68
	android:label
		ADDED from src\main\AndroidManifest.xml:93:13-65
	android:name
		ADDED from src\main\AndroidManifest.xml:92:13-65
activity#com.ru.astron.ui.ConversationActivity
ADDED from src\main\AndroidManifest.xml:94:9-102:20
	android:theme
		ADDED from src\main\AndroidManifest.xml:96:13-47
	android:name
		ADDED from src\main\AndroidManifest.xml:95:13-65
intent-filter#action:name:android.intent.action.MAIN+category:name:android.intent.category.LAUNCHER
ADDED from src\main\AndroidManifest.xml:97:13-101:29
action#android.intent.action.MAIN
ADDED from src\main\AndroidManifest.xml:98:17-69
	android:name
		ADDED from src\main\AndroidManifest.xml:98:25-66
category#android.intent.category.LAUNCHER
ADDED from src\main\AndroidManifest.xml:100:17-77
	android:name
		ADDED from src\main\AndroidManifest.xml:100:27-74
activity#com.ru.astron.ui.ConversationsActivity
ADDED from src\main\AndroidManifest.xml:103:9-109:57
	android:label
		ADDED from src\main\AndroidManifest.xml:105:13-45
	android:minWidth
		ADDED from src\main\AndroidManifest.xml:107:13-37
	android:minHeight
		ADDED from src\main\AndroidManifest.xml:108:13-38
	android:launchMode
		ADDED from src\main\AndroidManifest.xml:106:13-44
	android:windowSoftInputMode
		ADDED from src\main\AndroidManifest.xml:109:13-54
	android:name
		ADDED from src\main\AndroidManifest.xml:104:13-66
activity#com.ru.astron.ui.ScanActivity
ADDED from src\main\AndroidManifest.xml:110:9-114:63
	android:screenOrientation
		ADDED from src\main\AndroidManifest.xml:112:13-49
	android:windowSoftInputMode
		ADDED from src\main\AndroidManifest.xml:114:13-60
	android:theme
		ADDED from src\main\AndroidManifest.xml:113:13-65
	android:name
		ADDED from src\main\AndroidManifest.xml:111:13-57
activity#com.ru.astron.ui.UriHandlerActivity
ADDED from src\main\AndroidManifest.xml:115:9-145:20
	android:label
		ADDED from src\main\AndroidManifest.xml:117:13-45
	android:name
		ADDED from src\main\AndroidManifest.xml:116:13-63
intent-filter#action:name:android.intent.action.VIEW+category:name:android.intent.category.BROWSABLE+category:name:android.intent.category.DEFAULT+data:scheme:xmpp
ADDED from src\main\AndroidManifest.xml:118:13-125:29
action#android.intent.action.VIEW
ADDED from src\main\AndroidManifest.xml:119:17-69
	android:name
		ADDED from src\main\AndroidManifest.xml:119:25-66
category#android.intent.category.DEFAULT
ADDED from src\main\AndroidManifest.xml:121:17-76
	android:name
		ADDED from src\main\AndroidManifest.xml:121:27-73
category#android.intent.category.BROWSABLE
ADDED from src\main\AndroidManifest.xml:122:17-78
	android:name
		ADDED from src\main\AndroidManifest.xml:122:27-75
data
ADDED from src\main\AndroidManifest.xml:124:17-47
	android:scheme
		ADDED from src\main\AndroidManifest.xml:124:23-44
intent-filter#action:name:android.intent.action.VIEW+category:name:android.intent.category.BROWSABLE+category:name:android.intent.category.DEFAULT+data:host:astron.online+data:pathPrefix:/i/+data:pathPrefix:/j/+data:scheme:https
ADDED from src\main\AndroidManifest.xml:126:13-136:29
	android:autoVerify
		ADDED from src\main\AndroidManifest.xml:126:28-53
intent-filter#action:name:android.intent.action.SENDTO+category:name:android.intent.category.DEFAULT+data:host:jabber+data:scheme:imto
ADDED from src\main\AndroidManifest.xml:137:13-144:29
action#android.intent.action.SENDTO
ADDED from src\main\AndroidManifest.xml:138:17-71
	android:name
		ADDED from src\main\AndroidManifest.xml:138:25-68
activity#com.ru.astron.ui.StartConversationActivity
ADDED from src\main\AndroidManifest.xml:146:9-153:20
	android:label
		ADDED from src\main\AndroidManifest.xml:148:13-70
	android:launchMode
		ADDED from src\main\AndroidManifest.xml:149:13-43
	android:name
		ADDED from src\main\AndroidManifest.xml:147:13-70
intent-filter#action:name:android.intent.action.VIEW
ADDED from src\main\AndroidManifest.xml:150:13-152:29
activity#com.ru.astron.ui.SettingsActivity
ADDED from src\main\AndroidManifest.xml:154:9-162:20
	android:label
		ADDED from src\main\AndroidManifest.xml:156:13-60
	android:name
		ADDED from src\main\AndroidManifest.xml:155:13-61
intent-filter#action:name:android.intent.action.MAIN+category:name:android.intent.category.NOTIFICATION_PREFERENCES
ADDED from src\main\AndroidManifest.xml:157:13-161:29
category#android.intent.category.NOTIFICATION_PREFERENCES
ADDED from src\main\AndroidManifest.xml:160:17-93
	android:name
		ADDED from src\main\AndroidManifest.xml:160:27-90
activity#com.ru.astron.ui.ChooseContactActivity
ADDED from src\main\AndroidManifest.xml:163:9-165:69
	android:label
		ADDED from src\main\AndroidManifest.xml:165:13-66
	android:name
		ADDED from src\main\AndroidManifest.xml:164:13-66
activity#com.ru.astron.ui.BlocklistActivity
ADDED from src\main\AndroidManifest.xml:166:9-168:65
	android:label
		ADDED from src\main\AndroidManifest.xml:168:13-62
	android:name
		ADDED from src\main\AndroidManifest.xml:167:13-62
activity#com.ru.astron.ui.ChangePasswordActivity
ADDED from src\main\AndroidManifest.xml:169:9-171:65
	android:label
		ADDED from src\main\AndroidManifest.xml:171:13-62
	android:name
		ADDED from src\main\AndroidManifest.xml:170:13-67
activity#com.ru.astron.ui.ChooseAccountForProfilePictureActivity
ADDED from src\main\AndroidManifest.xml:172:9-183:20
	android:enabled
		ADDED from src\main\AndroidManifest.xml:174:13-36
	android:label
		ADDED from src\main\AndroidManifest.xml:175:13-51
	android:name
		ADDED from src\main\AndroidManifest.xml:173:13-83
intent-filter#action:name:android.intent.action.ATTACH_DATA+category:name:android.intent.category.DEFAULT+data:mimeType:image/*
ADDED from src\main\AndroidManifest.xml:176:13-182:29
	android:label
		ADDED from src\main\AndroidManifest.xml:176:28-71
action#android.intent.action.ATTACH_DATA
ADDED from src\main\AndroidManifest.xml:177:17-76
	android:name